<?xml version="1.0" encoding="UTF-8"?>
<testsuite xmlns:xsi="http://www.w3.org/2001/XMLSchema-instance" xsi:noNamespaceSchemaLocation="https://maven.apache.org/surefire/maven-surefire-plugin/xsd/surefire-test-report-3.0.xsd" version="3.0" name="com.buyi.framework.commons.CheckedExceptionTest" time="0.051" tests="6" errors="0" skipped="0" failures="0">
  <properties>
[...]
</properties>
  <testcase name="badRequestShouldHave400Code" classname="com.buyi.framework.commons.CheckedExceptionTest" time="0.021"/>
  <testcase name="badRequestWithCustomCodeShouldHaveCorrectCode" classname="com.buyi.framework.commons.CheckedExceptionTest" time="0.002"/>
  <testcase name="forbiddenShouldHave403Code" classname="com.buyi.framework.commons.CheckedExceptionTest" time="0.001"/>
  <testcase name="notFoundShouldHave404Code" classname="com.buyi.framework.commons.CheckedExceptionTest" time="0.001"/>
  <testcase name="badRequestWithArgsShouldFormatMessage" classname="com.buyi.framework.commons.CheckedExceptionTest" time="0.002"/>
  <testcase name="checkedExceptionShouldBeRuntimeException" classname="com.buyi.framework.commons.CheckedExceptionTest" time="0.001"/>
</testsuite>