<?xml version="1.0" encoding="UTF-8"?>
<testsuite xmlns:xsi="http://www.w3.org/2001/XMLSchema-instance" xsi:noNamespaceSchemaLocation="https://maven.apache.org/surefire/maven-surefire-plugin/xsd/surefire-test-report-3.0.xsd" version="3.0" name="com.buyi.framework.diff.DiffTests" time="0.388" tests="4" errors="0" skipped="0" failures="0">
  <properties>
[...]
</properties>
  <testcase name="diffSameObjects" classname="com.buyi.framework.diff.DiffTests" time="0.057">
    <system-out><![CDATA[09:04:46.172 [main] INFO org.javers.core.JaversBuilder -- mappingStyle: FIELD
09:04:46.177 [main] INFO org.javers.core.JaversBuilder -- loading GuavaAddOns ...
09:04:46.309 [main] INFO org.javers.core.JaversBuilder -- JaVers instance started in 163 ms
]]></system-out>
  </testcase>
  <testcase name="diff" classname="com.buyi.framework.diff.DiffTests" time="0.04">
    <system-out><![CDATA[09:04:46.371 [main] INFO org.javers.core.JaversBuilder -- mappingStyle: FIELD
09:04:46.371 [main] INFO org.javers.core.JaversBuilder -- loading GuavaAddOns ...
09:04:46.375 [main] INFO org.javers.core.JaversBuilder -- JaVers instance started in 5 ms
09:04:46.392 [main] INFO com.buyi.framework.diff.DiffTests -- diff - Diff:
* changes on Employee/小华 :
  - '名字（name）' 值 '小华' 未变动
* changes on Employee/lolo :
  - 'desc' 值 '描述' 未变动
  - 'primaryAddress.city' 由 '常德' 变更为 '长沙'
  - 'primaryAddress.street' 由 '0号街道' 变更为 '1号街道'
  - 'skills' 由 '['management']' 变更为 '['java']'
  - '员工（subordinates）' 由 '['Employee/小华','Employee/小华1']' 变更为 '['Employee/小华1','Employee/小华2']'
  - '薪资（salary）' 由 '10000' 变更为 '20000'
* changes on Employee/小华2 :
  - '名字（name）' 赋值为 '小华2'

09:04:46.414 [main] INFO com.buyi.framework.diff.DiffTests -- filedLogName - 名字,functionName - null,strategy - ALWAYS
09:04:46.415 [main] INFO com.buyi.framework.diff.DiffTests -- filedLogName - 名字,functionName - null,strategy - ALWAYS
09:04:46.415 [main] INFO com.buyi.framework.diff.DiffTests -- filedLogName - city,functionName - null,strategy - ALWAYS
09:04:46.415 [main] INFO com.buyi.framework.diff.DiffTests -- filedLogName - street,functionName - null,strategy - ALWAYS
09:04:46.416 [main] INFO com.buyi.framework.diff.DiffTests -- filedLogName - 薪资,functionName - null,strategy - ALWAYS
09:04:46.416 [main] INFO com.buyi.framework.diff.DiffTests -- filedLogName - desc,functionName - null,strategy - ALWAYS
09:04:46.416 [main] INFO com.buyi.framework.diff.DiffTests -- filedLogName - 员工,functionName - null,strategy - ALWAYS
09:04:46.416 [main] INFO com.buyi.framework.diff.DiffTests -- filedLogName - skills,functionName - null,strategy - ALWAYS
]]></system-out>
  </testcase>
  <testcase name="diffNullObjects" classname="com.buyi.framework.diff.DiffTests" time="0.003">
    <system-out><![CDATA[09:04:46.419 [main] INFO org.javers.core.JaversBuilder -- mappingStyle: FIELD
09:04:46.419 [main] INFO org.javers.core.JaversBuilder -- loading GuavaAddOns ...
09:04:46.423 [main] INFO org.javers.core.JaversBuilder -- JaVers instance started in 6 ms
]]></system-out>
  </testcase>
  <testcase name="diffWithResult" classname="com.buyi.framework.diff.DiffTests" time="0.009">
    <system-out><![CDATA[09:04:46.428 [main] INFO org.javers.core.JaversBuilder -- mappingStyle: FIELD
09:04:46.428 [main] INFO org.javers.core.JaversBuilder -- loading GuavaAddOns ...
09:04:46.432 [main] INFO org.javers.core.JaversBuilder -- JaVers instance started in 5 ms
09:04:46.438 [main] INFO com.buyi.framework.diff.DiffTests -- diff - Diff:
* changes on Employee/小华 :
  - '名字（name）' 值 '小华' 未变动
* changes on Employee/lolo :
  - 'desc' 值 '描述' 未变动
  - 'primaryAddress.city' 由 '常德' 变更为 '长沙'
  - 'primaryAddress.street' 由 '0号街道' 变更为 '1号街道'
  - 'skills' 由 '['management']' 变更为 '['java']'
  - '员工（subordinates）' 由 '['Employee/小华','Employee/小华1']' 变更为 '['Employee/小华1','Employee/小华2']'
  - '薪资（salary）' 由 '10000' 变更为 '20000'
* changes on Employee/小华2 :
  - '名字（name）' 赋值为 '小华2'

09:04:46.439 [main] INFO com.buyi.framework.diff.DiffTests -- filedLogName - 名字,functionName - null,strategy - ALWAYS
09:04:46.440 [main] INFO com.buyi.framework.diff.DiffTests -- filedLogName - 名字,functionName - null,strategy - ALWAYS
09:04:46.440 [main] INFO com.buyi.framework.diff.DiffTests -- filedLogName - city,functionName - null,strategy - ALWAYS
09:04:46.440 [main] INFO com.buyi.framework.diff.DiffTests -- filedLogName - street,functionName - null,strategy - ALWAYS
09:04:46.440 [main] INFO com.buyi.framework.diff.DiffTests -- filedLogName - 薪资,functionName - null,strategy - ALWAYS
09:04:46.440 [main] INFO com.buyi.framework.diff.DiffTests -- filedLogName - desc,functionName - null,strategy - ALWAYS
09:04:46.440 [main] INFO com.buyi.framework.diff.DiffTests -- filedLogName - 员工,functionName - null,strategy - ALWAYS
09:04:46.440 [main] INFO com.buyi.framework.diff.DiffTests -- filedLogName - skills,functionName - null,strategy - ALWAYS
]]></system-out>
  </testcase>
</testsuite>